<?xml version="1.0" encoding="UTF-8"?>
<testng-results total="2" passed="2" failed="0" skipped="0">
  <reporter-output>
    <line>
      <![CDATA[in Before Suite]]>
    </line>
    <line>
      <![CDATA[in Before Test]]>
    </line>
    <line>
      <![CDATA[in Before Class]]>
    </line>
    <line>
      <![CDATA[in Before Method]]>
    </line>
    <line>
      <![CDATA[in Test Case 1]]>
    </line>
    <line>
      <![CDATA[in After Method]]>
    </line>
    <line>
      <![CDATA[in Before Method]]>
    </line>
    <line>
      <![CDATA[in Test Case 2]]>
    </line>
    <line>
      <![CDATA[in After Method]]>
    </line>
    <line>
      <![CDATA[in After Class]]>
    </line>
    <line>
      <![CDATA[in After Test]]>
    </line>
    <line>
      <![CDATA[in After Suite]]>
    </line>
  </reporter-output>
  <suite started-at="2019-03-08T12:37:29Z" name="Default suite" finished-at="2019-03-08T12:37:29Z" duration-ms="19">
    <groups>
    </groups>
    <test started-at="2019-03-08T12:37:29Z" name="Default test" finished-at="2019-03-08T12:37:29Z" duration-ms="19">
      <class name="Java.Annum">
        <test-method is-config="true" signature="beforeSuite()[pri:0, instance:Java.Annum@7530ad9c]" started-at="2019-03-08T18:07:29Z" name="beforeSuite" finished-at="2019-03-08T18:07:29Z" duration-ms="5" status="PASS">
          <reporter-output>
            <line>
              <![CDATA[in Before Suite]]>
            </line>
          </reporter-output>
        </test-method> <!-- beforeSuite -->
        <test-method is-config="true" signature="beforeTest()[pri:0, instance:Java.Annum@7530ad9c]" started-at="2019-03-08T18:07:29Z" name="beforeTest" finished-at="2019-03-08T18:07:29Z" duration-ms="1" status="PASS">
          <reporter-output>
            <line>
              <![CDATA[in Before Test]]>
            </line>
          </reporter-output>
        </test-method> <!-- beforeTest -->
        <test-method is-config="true" signature="beforeClass()[pri:0, instance:Java.Annum@7530ad9c]" started-at="2019-03-08T18:07:29Z" name="beforeClass" finished-at="2019-03-08T18:07:29Z" duration-ms="0" status="PASS">
          <reporter-output>
            <line>
              <![CDATA[in Before Class]]>
            </line>
          </reporter-output>
        </test-method> <!-- beforeClass -->
        <test-method signature="testCase1()[pri:0, instance:Java.Annum@7530ad9c]" started-at="2019-03-08T18:07:29Z" name="testCase1" finished-at="2019-03-08T18:07:29Z" duration-ms="6" status="PASS">
          <reporter-output>
            <line>
              <![CDATA[in Test Case 1]]>
            </line>
          </reporter-output>
        </test-method> <!-- testCase1 -->
        <test-method is-config="true" signature="beforeMethod()[pri:0, instance:Java.Annum@7530ad9c]" started-at="2019-03-08T18:07:29Z" name="beforeMethod" finished-at="2019-03-08T18:07:29Z" duration-ms="0" status="PASS">
          <reporter-output>
            <line>
              <![CDATA[in Before Method]]>
            </line>
          </reporter-output>
        </test-method> <!-- beforeMethod -->
        <test-method is-config="true" signature="afterMethod()[pri:0, instance:Java.Annum@7530ad9c]" started-at="2019-03-08T18:07:29Z" name="afterMethod" finished-at="2019-03-08T18:07:29Z" duration-ms="0" status="PASS">
          <reporter-output>
            <line>
              <![CDATA[in After Method]]>
            </line>
          </reporter-output>
        </test-method> <!-- afterMethod -->
        <test-method signature="testCase2()[pri:0, instance:Java.Annum@7530ad9c]" started-at="2019-03-08T18:07:29Z" name="testCase2" finished-at="2019-03-08T18:07:29Z" duration-ms="1" status="PASS">
          <reporter-output>
            <line>
              <![CDATA[in Test Case 2]]>
            </line>
          </reporter-output>
        </test-method> <!-- testCase2 -->
        <test-method is-config="true" signature="beforeMethod()[pri:0, instance:Java.Annum@7530ad9c]" started-at="2019-03-08T18:07:29Z" name="beforeMethod" finished-at="2019-03-08T18:07:29Z" duration-ms="0" status="PASS">
          <reporter-output>
            <line>
              <![CDATA[in Before Method]]>
            </line>
          </reporter-output>
        </test-method> <!-- beforeMethod -->
        <test-method is-config="true" signature="afterClass()[pri:0, instance:Java.Annum@7530ad9c]" started-at="2019-03-08T18:07:29Z" name="afterClass" finished-at="2019-03-08T18:07:29Z" duration-ms="0" status="PASS">
          <reporter-output>
            <line>
              <![CDATA[in After Class]]>
            </line>
          </reporter-output>
        </test-method> <!-- afterClass -->
        <test-method is-config="true" signature="afterMethod()[pri:0, instance:Java.Annum@7530ad9c]" started-at="2019-03-08T18:07:29Z" name="afterMethod" finished-at="2019-03-08T18:07:29Z" duration-ms="0" status="PASS">
          <reporter-output>
            <line>
              <![CDATA[in After Method]]>
            </line>
          </reporter-output>
        </test-method> <!-- afterMethod -->
        <test-method is-config="true" signature="afterTest()[pri:0, instance:Java.Annum@7530ad9c]" started-at="2019-03-08T18:07:29Z" name="afterTest" finished-at="2019-03-08T18:07:29Z" duration-ms="0" status="PASS">
          <reporter-output>
            <line>
              <![CDATA[in After Test]]>
            </line>
          </reporter-output>
        </test-method> <!-- afterTest -->
        <test-method is-config="true" signature="afterSuite()[pri:0, instance:Java.Annum@7530ad9c]" started-at="2019-03-08T18:07:29Z" name="afterSuite" finished-at="2019-03-08T18:07:29Z" duration-ms="0" status="PASS">
          <reporter-output>
            <line>
              <![CDATA[in After Suite]]>
            </line>
          </reporter-output>
        </test-method> <!-- afterSuite -->
      </class> <!-- Java.Annum -->
    </test> <!-- Default test -->
  </suite> <!-- Default suite -->
</testng-results>
