<?xml version="1.0" encoding="UTF-8"?>
<!-- Generated by org.testng.reporters.JUnitXMLReporter -->
<testsuite hostname="mobinius" failures="1" tests="1" name="Test" time="8.943" errors="0" timestamp="8 Mar 2019 09:50:08 GMT">
  <testcase classname="GMAIL_FRAMEWORK.Test_Gmail_LoginPage" name="gmail_LoginPage" time="1.907">
    <failure type="java.lang.AssertionError" message="expected [gdhfgfgfhg] but found [Create your Google Account]">
      <![CDATA[java.lang.AssertionError: expected [gdhfgfgfhg] but found [Create your Google Account]
	at FrameWork.BaseTest1.verifyThePage(BaseTest1.java:88)
	at GMAIL_FRAMEWORK.Test_Gmail_LoginPage.gmail_LoginPage(Test_Gmail_LoginPage.java:31)
... Removed 29 stack frames]]>
    </failure>
  </testcase> <!-- gmail_LoginPage -->
</testsuite> <!-- Test -->
